
*** Running vivado
    with args -log i2c_top.vds -m64 -product Vivado -mode batch -messageDb vivado.pb -notrace -source i2c_top.tcl



****** Vivado v2022.2 (64-bit)
  **** SW Build 3671981 on Fri Oct 14 05:00:03 MDT 2022
  **** IP Build 3669848 on Fri Oct 14 08:30:02 MDT 2022
    ** Copyright 1986-2022 Xilinx, Inc. All Rights Reserved.

source i2c_top.tcl -notrace
INFO: [IP_Flow 19-234] Refreshing IP repositories
INFO: [IP_Flow 19-1700] Loaded user IP repository 'c:/Users/Richard/Desktop/export'.
INFO: [IP_Flow 19-2313] Loaded Vivado IP repository 'D:/Xilinx/Vivado/2022.2/data/ip'.
WARNING: [IP_Flow 19-4995] The host OS only allows 260 characters in a normal path. The IP cache path is more than 80 characters. If you experience issues with IP caching, please consider changing the IP cache to a location with a shorter path. Alternately consider using the OS subst command to map part of the path to a drive letter. 
Current IP cache path is c:/Users/Richard/OneDrive - University of Illinois - Urbana/UIUC/Fall2022/ECE445/ece445_project/FPGA/ece445.cache/ip 
Command: read_checkpoint -auto_incremental -incremental {C:/Users/Richard/OneDrive - University of Illinois - Urbana/UIUC/Fall2022/ECE445/ece445_project/FPGA/ece445.srcs/utils_1/imports/synth_1/testbench.dcp}
INFO: [Vivado 12-5825] Read reference checkpoint from C:/Users/Richard/OneDrive - University of Illinois - Urbana/UIUC/Fall2022/ECE445/ece445_project/FPGA/ece445.srcs/utils_1/imports/synth_1/testbench.dcp for incremental synthesis
INFO: [Vivado 12-7989] Please ensure there are no constraint changes
Command: synth_design -top i2c_top -part xc7a35ticsg324-1L
Starting synth_design
Attempting to get a license for feature 'Synthesis' and/or device 'xc7a35ti'
INFO: [Common 17-349] Got license for feature 'Synthesis' and/or device 'xc7a35ti'
INFO: [Device 21-403] Loading part xc7a35ticsg324-1L
INFO: [Designutils 20-5440] No compile time benefit to using incremental synthesis; A full resynthesis will be run
INFO: [Designutils 20-4379] Flow is switching to default flow due to incremental criteria not met. If you would like to alter this behaviour and have the flow terminate instead, please set the following parameter config_implementation {autoIncr.Synth.RejectBehavior Terminate}
INFO: [Synth 8-7079] Multithreading enabled for synth_design using a maximum of 2 processes.
INFO: [Synth 8-7078] Launching helper process for spawning children vivado processes
INFO: [Synth 8-7075] Helper process launched with PID 25320
INFO: [Synth 8-11241] undeclared symbol 'REGCCE', assumed default net type 'wire' [D:/Xilinx/Vivado/2022.2/data/verilog/src/unimacro/BRAM_SINGLE_MACRO.v:2170]
---------------------------------------------------------------------------------
Starting RTL Elaboration : Time (s): cpu = 00:00:02 ; elapsed = 00:00:04 . Memory (MB): peak = 1213.023 ; gain = 408.129
---------------------------------------------------------------------------------
INFO: [Synth 8-6157] synthesizing module 'i2c_top' [C:/Users/Richard/OneDrive - University of Illinois - Urbana/UIUC/Fall2022/ECE445/ece445_project/FPGA/i2c_top.sv:1]
INFO: [Synth 8-6157] synthesizing module 'clock_generator' [C:/Users/Richard/OneDrive - University of Illinois - Urbana/UIUC/Fall2022/ECE445/ece445_project/FPGA/clock_generator.sv:1]
INFO: [Synth 8-6155] done synthesizing module 'clock_generator' (0#1) [C:/Users/Richard/OneDrive - University of Illinois - Urbana/UIUC/Fall2022/ECE445/ece445_project/FPGA/clock_generator.sv:1]
INFO: [Synth 8-6157] synthesizing module 'i2c_controller' [C:/Users/Richard/OneDrive - University of Illinois - Urbana/UIUC/Fall2022/ECE445/ece445_project/FPGA/i2c_controller.v:1]
INFO: [Synth 8-155] case statement is not full and has no default [C:/Users/Richard/OneDrive - University of Illinois - Urbana/UIUC/Fall2022/ECE445/ece445_project/FPGA/i2c_controller.v:68]
INFO: [Synth 8-155] case statement is not full and has no default [C:/Users/Richard/OneDrive - University of Illinois - Urbana/UIUC/Fall2022/ECE445/ece445_project/FPGA/i2c_controller.v:135]
INFO: [Synth 8-6155] done synthesizing module 'i2c_controller' (0#1) [C:/Users/Richard/OneDrive - University of Illinois - Urbana/UIUC/Fall2022/ECE445/ece445_project/FPGA/i2c_controller.v:1]
INFO: [Synth 8-6155] done synthesizing module 'i2c_top' (0#1) [C:/Users/Richard/OneDrive - University of Illinois - Urbana/UIUC/Fall2022/ECE445/ece445_project/FPGA/i2c_top.sv:1]
WARNING: [Synth 8-6014] Unused sequential element saved_addr_reg was removed.  [C:/Users/Richard/OneDrive - University of Illinois - Urbana/UIUC/Fall2022/ECE445/ece445_project/FPGA/i2c_controller.v:73]
WARNING: [Synth 8-7137] Register saved_data_reg in module i2c_controller has both Set and reset with same priority. This may cause simulation mismatches. Consider rewriting code  [C:/Users/Richard/OneDrive - University of Illinois - Urbana/UIUC/Fall2022/ECE445/ece445_project/FPGA/i2c_controller.v:74]
WARNING: [Synth 8-7137] Register counter_reg in module i2c_controller has both Set and reset with same priority. This may cause simulation mismatches. Consider rewriting code  [C:/Users/Richard/OneDrive - University of Illinois - Urbana/UIUC/Fall2022/ECE445/ece445_project/FPGA/i2c_controller.v:79]
WARNING: [Synth 8-7137] Register data_out_reg in module i2c_controller has both Set and reset with same priority. This may cause simulation mismatches. Consider rewriting code  [C:/Users/Richard/OneDrive - University of Illinois - Urbana/UIUC/Fall2022/ECE445/ece445_project/FPGA/i2c_controller.v:114]
WARNING: [Synth 8-7129] Port addr[6] in module i2c_controller is either unconnected or has no load
WARNING: [Synth 8-7129] Port addr[5] in module i2c_controller is either unconnected or has no load
WARNING: [Synth 8-7129] Port addr[4] in module i2c_controller is either unconnected or has no load
WARNING: [Synth 8-7129] Port addr[3] in module i2c_controller is either unconnected or has no load
WARNING: [Synth 8-7129] Port addr[2] in module i2c_controller is either unconnected or has no load
WARNING: [Synth 8-7129] Port addr[1] in module i2c_controller is either unconnected or has no load
WARNING: [Synth 8-7129] Port addr[0] in module i2c_controller is either unconnected or has no load
WARNING: [Synth 8-7129] Port rw in module i2c_controller is either unconnected or has no load
---------------------------------------------------------------------------------
Finished RTL Elaboration : Time (s): cpu = 00:00:03 ; elapsed = 00:00:05 . Memory (MB): peak = 1304.426 ; gain = 499.531
---------------------------------------------------------------------------------
---------------------------------------------------------------------------------
Start Handling Custom Attributes
---------------------------------------------------------------------------------
---------------------------------------------------------------------------------
Finished Handling Custom Attributes : Time (s): cpu = 00:00:03 ; elapsed = 00:00:05 . Memory (MB): peak = 1304.426 ; gain = 499.531
---------------------------------------------------------------------------------
---------------------------------------------------------------------------------
Finished RTL Optimization Phase 1 : Time (s): cpu = 00:00:03 ; elapsed = 00:00:05 . Memory (MB): peak = 1304.426 ; gain = 499.531
---------------------------------------------------------------------------------
Netlist sorting complete. Time (s): cpu = 00:00:00 ; elapsed = 00:00:00.002 . Memory (MB): peak = 1304.426 ; gain = 0.000
INFO: [Project 1-570] Preparing netlist for logic optimization

Processing XDC Constraints
Initializing timing engine
Parsing XDC File [C:/Users/Richard/OneDrive - University of Illinois - Urbana/UIUC/Fall2022/ECE445/ece445_project/FPGA/ece445.srcs/constrs_1/new/constraints.xdc]
Finished Parsing XDC File [C:/Users/Richard/OneDrive - University of Illinois - Urbana/UIUC/Fall2022/ECE445/ece445_project/FPGA/ece445.srcs/constrs_1/new/constraints.xdc]
INFO: [Project 1-236] Implementation specific constraints were found while reading constraint file [C:/Users/Richard/OneDrive - University of Illinois - Urbana/UIUC/Fall2022/ECE445/ece445_project/FPGA/ece445.srcs/constrs_1/new/constraints.xdc]. These constraints will be ignored for synthesis but will be used in implementation. Impacted constraints are listed in the file [.Xil/i2c_top_propImpl.xdc].
Resolution: To avoid this warning, move constraints listed in [.Xil/i2c_top_propImpl.xdc] to another XDC file and exclude this new file from synthesis with the used_in_synthesis property (File Properties dialog in GUI) and re-run elaboration/synthesis.
Completed Processing XDC Constraints

Netlist sorting complete. Time (s): cpu = 00:00:00 ; elapsed = 00:00:00 . Memory (MB): peak = 1412.371 ; gain = 0.000
INFO: [Project 1-111] Unisim Transformation Summary:
No Unisim elements were transformed.

Constraint Validation Runtime : Time (s): cpu = 00:00:00 ; elapsed = 00:00:00.001 . Memory (MB): peak = 1412.371 ; gain = 0.000
INFO: [Designutils 20-5440] No compile time benefit to using incremental synthesis; A full resynthesis will be run
INFO: [Designutils 20-4379] Flow is switching to default flow due to incremental criteria not met. If you would like to alter this behaviour and have the flow terminate instead, please set the following parameter config_implementation {autoIncr.Synth.RejectBehavior Terminate}
INFO: [Synth 8-11241] undeclared symbol 'REGCCE', assumed default net type 'wire' [D:/Xilinx/Vivado/2022.2/data/verilog/src/unimacro/BRAM_SINGLE_MACRO.v:2170]
---------------------------------------------------------------------------------
Finished Constraint Validation : Time (s): cpu = 00:00:05 ; elapsed = 00:00:10 . Memory (MB): peak = 1412.371 ; gain = 607.477
---------------------------------------------------------------------------------
---------------------------------------------------------------------------------
Start Loading Part and Timing Information
---------------------------------------------------------------------------------
Loading part: xc7a35ticsg324-1L
---------------------------------------------------------------------------------
Finished Loading Part and Timing Information : Time (s): cpu = 00:00:05 ; elapsed = 00:00:10 . Memory (MB): peak = 1412.371 ; gain = 607.477
---------------------------------------------------------------------------------
---------------------------------------------------------------------------------
Start Applying 'set_property' XDC Constraints
---------------------------------------------------------------------------------
---------------------------------------------------------------------------------
Finished applying 'set_property' XDC Constraints : Time (s): cpu = 00:00:05 ; elapsed = 00:00:10 . Memory (MB): peak = 1412.371 ; gain = 607.477
---------------------------------------------------------------------------------
INFO: [Synth 8-802] inferred FSM for state register 'state_reg' in module 'i2c_controller'
---------------------------------------------------------------------------------------------------
                   State |                     New Encoding |                Previous Encoding 
---------------------------------------------------------------------------------------------------
                    IDLE |                            00001 |                         00000000
                   START |                            00010 |                         00000001
                 ADDRESS |                            00100 |                         00000010
                READ_ACK |                            01000 |                         00000011
                    STOP |                            10000 |                         00001000
---------------------------------------------------------------------------------------------------
INFO: [Synth 8-3354] encoded FSM with state register 'state_reg' using encoding 'one-hot' in module 'i2c_controller'
---------------------------------------------------------------------------------
Finished RTL Optimization Phase 2 : Time (s): cpu = 00:00:05 ; elapsed = 00:00:10 . Memory (MB): peak = 1412.371 ; gain = 607.477
---------------------------------------------------------------------------------
---------------------------------------------------------------------------------
Start RTL Component Statistics 
---------------------------------------------------------------------------------
Detailed RTL Component Info : 
+---Adders : 
	   2 Input    8 Bit       Adders := 3     
	   2 Input    5 Bit       Adders := 1     
	   2 Input    4 Bit       Adders := 1     
+---Registers : 
	                8 Bit    Registers := 6     
	                5 Bit    Registers := 1     
	                4 Bit    Registers := 2     
	                1 Bit    Registers := 7     
+---Muxes : 
	   5 Input    8 Bit        Muxes := 1     
	   5 Input    5 Bit        Muxes := 1     
	   2 Input    5 Bit        Muxes := 3     
	   2 Input    4 Bit        Muxes := 4     
	   3 Input    4 Bit        Muxes := 1     
	   2 Input    1 Bit        Muxes := 12    
	   5 Input    1 Bit        Muxes := 10    
	   3 Input    1 Bit        Muxes := 1     
---------------------------------------------------------------------------------
Finished RTL Component Statistics 
---------------------------------------------------------------------------------
---------------------------------------------------------------------------------
Start Part Resource Summary
---------------------------------------------------------------------------------
Part Resources:
DSPs: 90 (col length:60)
BRAMs: 100 (col length: RAMB18 60 RAMB36 30)
---------------------------------------------------------------------------------
Finished Part Resource Summary
---------------------------------------------------------------------------------
---------------------------------------------------------------------------------
Start Cross Boundary and Area Optimization
---------------------------------------------------------------------------------
WARNING: [Synth 8-7080] Parallel synthesis criteria is not met
---------------------------------------------------------------------------------
Finished Cross Boundary and Area Optimization : Time (s): cpu = 00:00:06 ; elapsed = 00:00:12 . Memory (MB): peak = 1412.371 ; gain = 607.477
---------------------------------------------------------------------------------
---------------------------------------------------------------------------------
Start Applying XDC Timing Constraints
---------------------------------------------------------------------------------
---------------------------------------------------------------------------------
Finished Applying XDC Timing Constraints : Time (s): cpu = 00:00:07 ; elapsed = 00:00:16 . Memory (MB): peak = 1412.371 ; gain = 607.477
---------------------------------------------------------------------------------
---------------------------------------------------------------------------------
Start Timing Optimization
---------------------------------------------------------------------------------
---------------------------------------------------------------------------------
Finished Timing Optimization : Time (s): cpu = 00:00:07 ; elapsed = 00:00:16 . Memory (MB): peak = 1412.371 ; gain = 607.477
---------------------------------------------------------------------------------
---------------------------------------------------------------------------------
Start Technology Mapping
---------------------------------------------------------------------------------
---------------------------------------------------------------------------------
Finished Technology Mapping : Time (s): cpu = 00:00:07 ; elapsed = 00:00:16 . Memory (MB): peak = 1412.371 ; gain = 607.477
---------------------------------------------------------------------------------
---------------------------------------------------------------------------------
Start IO Insertion
---------------------------------------------------------------------------------
---------------------------------------------------------------------------------
Start Flattening Before IO Insertion
---------------------------------------------------------------------------------
---------------------------------------------------------------------------------
Finished Flattening Before IO Insertion
---------------------------------------------------------------------------------
---------------------------------------------------------------------------------
Start Final Netlist Cleanup
---------------------------------------------------------------------------------
---------------------------------------------------------------------------------
Finished Final Netlist Cleanup
---------------------------------------------------------------------------------
---------------------------------------------------------------------------------
Finished IO Insertion : Time (s): cpu = 00:00:10 ; elapsed = 00:00:19 . Memory (MB): peak = 1412.371 ; gain = 607.477
---------------------------------------------------------------------------------
---------------------------------------------------------------------------------
Start Renaming Generated Instances
---------------------------------------------------------------------------------
---------------------------------------------------------------------------------
Finished Renaming Generated Instances : Time (s): cpu = 00:00:10 ; elapsed = 00:00:19 . Memory (MB): peak = 1412.371 ; gain = 607.477
---------------------------------------------------------------------------------
---------------------------------------------------------------------------------
Start Rebuilding User Hierarchy
---------------------------------------------------------------------------------
---------------------------------------------------------------------------------
Finished Rebuilding User Hierarchy : Time (s): cpu = 00:00:10 ; elapsed = 00:00:19 . Memory (MB): peak = 1412.371 ; gain = 607.477
---------------------------------------------------------------------------------
---------------------------------------------------------------------------------
Start Renaming Generated Ports
---------------------------------------------------------------------------------
---------------------------------------------------------------------------------
Finished Renaming Generated Ports : Time (s): cpu = 00:00:10 ; elapsed = 00:00:19 . Memory (MB): peak = 1412.371 ; gain = 607.477
---------------------------------------------------------------------------------
---------------------------------------------------------------------------------
Start Handling Custom Attributes
---------------------------------------------------------------------------------
---------------------------------------------------------------------------------
Finished Handling Custom Attributes : Time (s): cpu = 00:00:10 ; elapsed = 00:00:19 . Memory (MB): peak = 1412.371 ; gain = 607.477
---------------------------------------------------------------------------------
---------------------------------------------------------------------------------
Start Renaming Generated Nets
---------------------------------------------------------------------------------
---------------------------------------------------------------------------------
Finished Renaming Generated Nets : Time (s): cpu = 00:00:10 ; elapsed = 00:00:19 . Memory (MB): peak = 1412.371 ; gain = 607.477
---------------------------------------------------------------------------------
---------------------------------------------------------------------------------
Start Writing Synthesis Report
---------------------------------------------------------------------------------

Report BlackBoxes: 
+-+--------------+----------+
| |BlackBox name |Instances |
+-+--------------+----------+
+-+--------------+----------+

Report Cell Usage: 
+------+------+------+
|      |Cell  |Count |
+------+------+------+
|1     |BUFG  |     1|
|2     |LUT1  |     5|
|3     |LUT2  |    12|
|4     |LUT3  |    11|
|5     |LUT4  |    19|
|6     |LUT5  |    16|
|7     |LUT6  |    17|
|8     |MUXF7 |     1|
|9     |FDCE  |     6|
|10    |FDPE  |     3|
|11    |FDRE  |    52|
|12    |IBUF  |     4|
|13    |IOBUF |     1|
|14    |OBUF  |     3|
+------+------+------+
---------------------------------------------------------------------------------
Finished Writing Synthesis Report : Time (s): cpu = 00:00:10 ; elapsed = 00:00:19 . Memory (MB): peak = 1412.371 ; gain = 607.477
---------------------------------------------------------------------------------
Synthesis finished with 0 errors, 0 critical warnings and 1 warnings.
Synthesis Optimization Runtime : Time (s): cpu = 00:00:07 ; elapsed = 00:00:18 . Memory (MB): peak = 1412.371 ; gain = 499.531
Synthesis Optimization Complete : Time (s): cpu = 00:00:10 ; elapsed = 00:00:19 . Memory (MB): peak = 1412.371 ; gain = 607.477
INFO: [Project 1-571] Translating synthesized netlist
Netlist sorting complete. Time (s): cpu = 00:00:00 ; elapsed = 00:00:00.001 . Memory (MB): peak = 1412.371 ; gain = 0.000
INFO: [Netlist 29-17] Analyzing 2 Unisim elements for replacement
INFO: [Netlist 29-28] Unisim Transformation completed in 0 CPU seconds
INFO: [Project 1-570] Preparing netlist for logic optimization
INFO: [Opt 31-138] Pushed 0 inverter(s) to 0 load pin(s).
Netlist sorting complete. Time (s): cpu = 00:00:00 ; elapsed = 00:00:00 . Memory (MB): peak = 1412.371 ; gain = 0.000
INFO: [Project 1-111] Unisim Transformation Summary:
  A total of 1 instances were transformed.
  IOBUF => IOBUF (IBUF, OBUFT): 1 instance 

Synth Design complete, checksum: 8fad6c59
INFO: [Common 17-83] Releasing license: Synthesis
36 Infos, 14 Warnings, 0 Critical Warnings and 0 Errors encountered.
synth_design completed successfully
synth_design: Time (s): cpu = 00:00:11 ; elapsed = 00:00:23 . Memory (MB): peak = 1412.371 ; gain = 989.184
INFO: [Common 17-600] The following parameters have non-default value.
tcl.collectionResultDisplayLimit
INFO: [Common 17-1381] The checkpoint 'C:/Users/Richard/OneDrive - University of Illinois - Urbana/UIUC/Fall2022/ECE445/ece445_project/FPGA/ece445.runs/synth_1/i2c_top.dcp' has been generated.
INFO: [runtcl-4] Executing : report_utilization -file i2c_top_utilization_synth.rpt -pb i2c_top_utilization_synth.pb
INFO: [Common 17-206] Exiting Vivado at Sat Nov 26 14:11:59 2022...
